<?xml version="1.0" encoding="UTF-8"?>
<!-- Generated by org.testng.reporters.JUnitXMLReporter -->
<testsuite ignored="0" hostname="VenuSaurabh" failures="9" tests="14" name="Test" time="30.955" errors="0" timestamp="2025-05-14T11:49:11 PDT">
  <testcase classname="com.selenium.testcases.LoginTestDataDrivenTesting" name="verifyLogin" time="2.375"/>
  <testcase classname="com.selenium.testcases.LoginTestDataDrivenTesting" name="verifyLogin" time="1.929">
    <failure type="java.lang.AssertionError" message="expected [true] but found [false]">
      <![CDATA[java.lang.AssertionError: expected [true] but found [false]
at com.selenium.testcases.LoginTestDataDrivenTesting.verifyLogin(LoginTestDataDrivenTesting.java:35)
at java.base/java.util.ArrayList.forEach(ArrayList.java:1597)
... Removed 29 stack frames]]>
    </failure>
  </testcase> <!-- verifyLogin -->
  <testcase classname="com.selenium.testcases.LoginTestDataDrivenTesting" name="verifyLogin" time="1.509">
    <failure type="java.lang.AssertionError" message="expected [true] but found [false]">
      <![CDATA[java.lang.AssertionError: expected [true] but found [false]
at com.selenium.testcases.LoginTestDataDrivenTesting.verifyLogin(LoginTestDataDrivenTesting.java:35)
at java.base/java.util.ArrayList.forEach(ArrayList.java:1597)
... Removed 29 stack frames]]>
    </failure>
  </testcase> <!-- verifyLogin -->
  <testcase classname="com.selenium.testcases.LoginTestDataDrivenTesting" name="verifyLogin" time="2.431"/>
  <testcase classname="com.selenium.testcases.LoginTestDataDrivenTesting" name="verifyLogin" time="2.607"/>
  <testcase classname="com.selenium.testcases.LoginTestDataDrivenTesting" name="verifyLogin" time="2.577"/>
  <testcase classname="com.selenium.testcases.LoginTestDataDrivenTesting" name="verifyLogin" time="1.274">
    <failure type="java.lang.AssertionError" message="expected [true] but found [false]">
      <![CDATA[java.lang.AssertionError: expected [true] but found [false]
at com.selenium.testcases.LoginTestDataDrivenTesting.verifyLogin(LoginTestDataDrivenTesting.java:35)
at java.base/java.util.ArrayList.forEach(ArrayList.java:1597)
... Removed 29 stack frames]]>
    </failure>
  </testcase> <!-- verifyLogin -->
  <testcase classname="com.selenium.testcases.LoginTestDataDrivenTesting" name="verifyLogin" time="1.225">
    <failure type="java.lang.AssertionError" message="expected [true] but found [false]">
      <![CDATA[java.lang.AssertionError: expected [true] but found [false]
at com.selenium.testcases.LoginTestDataDrivenTesting.verifyLogin(LoginTestDataDrivenTesting.java:35)
at java.base/java.util.ArrayList.forEach(ArrayList.java:1597)
... Removed 29 stack frames]]>
    </failure>
  </testcase> <!-- verifyLogin -->
  <testcase classname="com.selenium.testcases.LoginTestDataDrivenTesting" name="verifyLogin" time="1.174">
    <failure type="java.lang.AssertionError" message="expected [true] but found [false]">
      <![CDATA[java.lang.AssertionError: expected [true] but found [false]
at com.selenium.testcases.LoginTestDataDrivenTesting.verifyLogin(LoginTestDataDrivenTesting.java:35)
at java.base/java.util.ArrayList.forEach(ArrayList.java:1597)
... Removed 29 stack frames]]>
    </failure>
  </testcase> <!-- verifyLogin -->
  <testcase classname="com.selenium.testcases.LoginTestDataDrivenTesting" name="verifyLogin" time="1.636">
    <failure type="java.lang.AssertionError" message="expected [true] but found [false]">
      <![CDATA[java.lang.AssertionError: expected [true] but found [false]
at com.selenium.testcases.LoginTestDataDrivenTesting.verifyLogin(LoginTestDataDrivenTesting.java:35)
at java.base/java.util.ArrayList.forEach(ArrayList.java:1597)
... Removed 29 stack frames]]>
    </failure>
  </testcase> <!-- verifyLogin -->
  <testcase classname="com.selenium.testcases.LoginTestDataDrivenTesting" name="verifyLogin" time="1.57">
    <failure type="java.lang.AssertionError" message="expected [true] but found [false]">
      <![CDATA[java.lang.AssertionError: expected [true] but found [false]
at com.selenium.testcases.LoginTestDataDrivenTesting.verifyLogin(LoginTestDataDrivenTesting.java:35)
at java.base/java.util.ArrayList.forEach(ArrayList.java:1597)
... Removed 29 stack frames]]>
    </failure>
  </testcase> <!-- verifyLogin -->
  <testcase classname="com.selenium.testcases.LoginTestDataDrivenTesting" name="verifyLogin" time="1.516">
    <failure type="java.lang.AssertionError" message="expected [true] but found [false]">
      <![CDATA[java.lang.AssertionError: expected [true] but found [false]
at com.selenium.testcases.LoginTestDataDrivenTesting.verifyLogin(LoginTestDataDrivenTesting.java:35)
at java.base/java.util.ArrayList.forEach(ArrayList.java:1597)
... Removed 29 stack frames]]>
    </failure>
  </testcase> <!-- verifyLogin -->
  <testcase classname="com.selenium.testcases.LoginTestDataDrivenTesting" name="verifyLogin" time="2.552"/>
  <testcase classname="com.selenium.testcases.LoginTestDataDrivenTesting" name="verifyLogin" time="1.895">
    <failure type="java.lang.AssertionError" message="expected [true] but found [false]">
      <![CDATA[java.lang.AssertionError: expected [true] but found [false]
at com.selenium.testcases.LoginTestDataDrivenTesting.verifyLogin(LoginTestDataDrivenTesting.java:35)
at java.base/java.util.ArrayList.forEach(ArrayList.java:1597)
... Removed 29 stack frames]]>
    </failure>
  </testcase> <!-- verifyLogin -->
</testsuite> <!-- Test -->
